Arguments: 
  /Users/jared.barnes/.nvm/versions/node/v14.17.3/bin/node /usr/local/Cellar/yarn/1.22.11/libexec/bin/yarn.js

PATH: 
  /Users/jared.barnes/.nvm/versions/node/v14.17.3/bin:/Users/jared.barnes/google-cloud-sdk/bin:/usr/local/bin:/usr/bin:/bin:/usr/sbin:/sbin:/usr/local/go/bin:/Library/Apple/usr/bin:/Library/Frameworks/Mono.framework/Versions/Current/Commands:/Users/jared.barnes/.nvm/versions/node/v14.17.3/bin:/Users/jared.barnes/google-cloud-sdk/bin:/Users/jared.barnes/Documents/emsdk/upstream/emscripten:/Users/jared.barnes/Documents/emsdk/upstream/emscripten

Yarn version: 
  1.22.11

Node version: 
  14.17.3

Platform: 
  darwin x64

Trace: 
  Error: https://registry.yarnpkg.com/ui-hex: Not found
      at Request.params.callback [as _callback] (/usr/local/Cellar/yarn/1.22.11/libexec/lib/cli.js:66992:18)
      at Request.self.callback (/usr/local/Cellar/yarn/1.22.11/libexec/lib/cli.js:140763:22)
      at Request.emit (events.js:375:28)
      at Request.<anonymous> (/usr/local/Cellar/yarn/1.22.11/libexec/lib/cli.js:141735:10)
      at Request.emit (events.js:375:28)
      at IncomingMessage.<anonymous> (/usr/local/Cellar/yarn/1.22.11/libexec/lib/cli.js:141657:12)
      at Object.onceWrapper (events.js:481:28)
      at IncomingMessage.emit (events.js:387:35)
      at endReadableNT (internal/streams/readable.js:1317:12)
      at processTicksAndRejections (internal/process/task_queues.js:82:21)

npm manifest: 
  {
    "name": "ui-bootstrap",
    "version": "0.0.1",
    "description": "Micro Frontend Bootstrap",
    "private": true,
    "main": "./dist/index.js",
    "module": "./dist/index.esm.js",
    "browser": "./dist/index.browser.js",
    "types": "./dist/index.d.ts",
    "files": [
      "dist/**/*"
    ],
    "directories": {
      "example": "examples"
    },
    "scripts": {
      "build": "rollup -c -m",
      "test": "jest"
    },
    "author": "jared.j.barnes@gmail.com",
    "devDependencies": {
      "@types/jest": "^26.0.20",
      "jest": "^26.6.3",
      "rollup": "^2.41.2",
      "rollup-plugin-commonjs": "^10.1.0",
      "rollup-plugin-node-resolve": "^5.2.0",
      "rollup-plugin-typescript2": "^0.30.0",
      "ts-jest": "^26.5.3",
      "tslib": "^2.1.0",
      "typescript": "^4.2.3"
    },
    "dependencies": {
      "ui-hex": "0.0.2"
    }
  }

yarn manifest: 
  No manifest

Lockfile: 
  No lockfile
